<?xml version="1.0" encoding="UTF-8"?>
<testsuite xmlns:xsi="http://www.w3.org/2001/XMLSchema-instance" xsi:noNamespaceSchemaLocation="https://maven.apache.org/surefire/maven-surefire-plugin/xsd/surefire-test-report-3.0.xsd" version="3.0" name="com.sheik.api.runner.TestRunner" time="12.612" tests="5" errors="0" skipped="0" failures="0">
  <properties>
[...]
</properties>
  <testcase name="Get all products" classname="Product API testing" time="6.545">
    <system-out><![CDATA[
Scenario: Get all products                        &amp#27;[90m# src/test/resources/features/user.feature:6&amp#27;[0m
  &amp#27;[32mGiven &amp#27;[0m&amp#27;[32muser sets the base request&amp#27;[0m                &amp#27;[90m# com.sheik.api.stepdefinitions.UserStep.user_sets_base_request()&amp#27;[0m
Request method:	GET
Request URI:	https://fakestoreapi.com/products
Proxy:			<none>
Request params:	<none>
Query params:	<none>
Form params:	<none>
Path params:	<none>
Headers:		Accept=application/json
				Content-Type=application/json
Cookies:		<none>
Multiparts:		<none>
Body:			<none>
  &amp#27;[32mWhen &amp#27;[0m&amp#27;[32muser sends GET request to get all products&amp#27;[0m &amp#27;[90m# com.sheik.api.stepdefinitions.UserStep.user_sends_get_products()&amp#27;[0m
  &amp#27;[32mThen &amp#27;[0m&amp#27;[32muser should get status code &amp#27;[0m&amp#27;[32m&amp#27;[1m200&amp#27;[0m            &amp#27;[90m# com.sheik.api.stepdefinitions.UserStep.user_validates_status_code(java.lang.Integer)&amp#27;[0m
  &amp#27;[32mAnd &amp#27;[0m&amp#27;[32mresponse should contain list of products&amp#27;[0m    &amp#27;[90m# com.sheik.api.stepdefinitions.UserStep.validate_products_response()&amp#27;[0m
]]></system-out>
  </testcase>
  <testcase name="Get single product by id" classname="Product API testing" time="1.654">
    <system-out><![CDATA[
Scenario: Get single product by id                      &amp#27;[90m# src/test/resources/features/user.feature:11&amp#27;[0m
  &amp#27;[32mGiven &amp#27;[0m&amp#27;[32muser sets the base request&amp#27;[0m                      &amp#27;[90m# com.sheik.api.stepdefinitions.UserStep.user_sets_base_request()&amp#27;[0m
Request method:	GET
Request URI:	https://fakestoreapi.com/products/1
Proxy:			<none>
Request params:	<none>
Query params:	<none>
Form params:	<none>
Path params:	id=1
Headers:		Accept=application/json
				Content-Type=application/json
Cookies:		<none>
Multiparts:		<none>
Body:			<none>
  &amp#27;[32mWhen &amp#27;[0m&amp#27;[32muser sends GET request to get product with id &amp#27;[0m&amp#27;[32m&amp#27;[1m1&amp#27;[0m  &amp#27;[90m# com.sheik.api.stepdefinitions.UserStep.user_sends_get_single_product(java.lang.Integer)&amp#27;[0m
  &amp#27;[32mThen &amp#27;[0m&amp#27;[32muser should get status code &amp#27;[0m&amp#27;[32m&amp#27;[1m200&amp#27;[0m                  &amp#27;[90m# com.sheik.api.stepdefinitions.UserStep.user_validates_status_code(java.lang.Integer)&amp#27;[0m
  &amp#27;[32mAnd &amp#27;[0m&amp#27;[32mresponse should contain product details with id &amp#27;[0m&amp#27;[32m&amp#27;[1m1&amp#27;[0m &amp#27;[90m# com.sheik.api.stepdefinitions.UserStep.validate_single_product(java.lang.Integer)&amp#27;[0m
]]></system-out>
  </testcase>
  <testcase name="Create a new product" classname="Product API testing" time="1.263">
    <system-out><![CDATA[
Scenario: Create a new product                        &amp#27;[90m# src/test/resources/features/user.feature:16&amp#27;[0m
  &amp#27;[32mGiven &amp#27;[0m&amp#27;[32muser sets the base request&amp#27;[0m                    &amp#27;[90m# com.sheik.api.stepdefinitions.UserStep.user_sets_base_request()&amp#27;[0m
Request method:	POST
Request URI:	https://fakestoreapi.com/products
Proxy:			<none>
Request params:	<none>
Query params:	<none>
Form params:	<none>
Path params:	<none>
Headers:		Accept=application/json
				Content-Type=application/json
Cookies:		<none>
Multiparts:		<none>
Body:
{
    "image": "https://i.pravatar.cc",
    "price": 999.99,
    "description": "Product created using Rest Assured automation",
    "title": "Automation Test Product",
    "category": "electronics"
}
  &amp#27;[32mWhen &amp#27;[0m&amp#27;[32muser sends POST request to create a product&amp#27;[0m    &amp#27;[90m# com.sheik.api.stepdefinitions.UserStep.user_creates_product()&amp#27;[0m
  &amp#27;[32mThen &amp#27;[0m&amp#27;[32muser should get status code &amp#27;[0m&amp#27;[32m&amp#27;[1m201&amp#27;[0m                &amp#27;[90m# com.sheik.api.stepdefinitions.UserStep.user_validates_status_code(java.lang.Integer)&amp#27;[0m
  &amp#27;[32mAnd &amp#27;[0m&amp#27;[32mresponse should contain created product details&amp#27;[0m &amp#27;[90m# com.sheik.api.stepdefinitions.UserStep.validate_created_product()&amp#27;[0m
]]></system-out>
  </testcase>
  <testcase name="Update an existing product" classname="Product API testing" time="0.476">
    <system-out><![CDATA[
Scenario: Update an existing product                      &amp#27;[90m# src/test/resources/features/user.feature:21&amp#27;[0m
  &amp#27;[32mGiven &amp#27;[0m&amp#27;[32muser sets the base request&amp#27;[0m                        &amp#27;[90m# com.sheik.api.stepdefinitions.UserStep.user_sets_base_request()&amp#27;[0m
Request method:	PUT
Request URI:	https://fakestoreapi.com/products/1
Proxy:			<none>
Request params:	<none>
Query params:	<none>
Form params:	<none>
Path params:	id=1
Headers:		Accept=application/json
				Content-Type=application/json
Cookies:		<none>
Multiparts:		<none>
Body:
{
    "image": "https://i.pravatar.cc",
    "price": 1499.99,
    "description": "Updated using PUT API",
    "title": "Updated Automation Product",
    "category": "electronics"
}
  &amp#27;[32mWhen &amp#27;[0m&amp#27;[32muser sends PUT request to update product with id &amp#27;[0m&amp#27;[32m&amp#27;[1m1&amp#27;[0m &amp#27;[90m# com.sheik.api.stepdefinitions.UserStep.user_updates_product(java.lang.Integer)&amp#27;[0m
  &amp#27;[32mThen &amp#27;[0m&amp#27;[32muser should get status code &amp#27;[0m&amp#27;[32m&amp#27;[1m200&amp#27;[0m                    &amp#27;[90m# com.sheik.api.stepdefinitions.UserStep.user_validates_status_code(java.lang.Integer)&amp#27;[0m
  &amp#27;[32mAnd &amp#27;[0m&amp#27;[32mresponse should contain updated product details&amp#27;[0m     &amp#27;[90m# com.sheik.api.stepdefinitions.UserStep.response_should_contain_updated_product_details()&amp#27;[0m
]]></system-out>
  </testcase>
  <testcase name="Delete a product" classname="Product API testing" time="0.392">
    <system-out><![CDATA[
Scenario: Delete a product                                   &amp#27;[90m# src/test/resources/features/user.feature:26&amp#27;[0m
  &amp#27;[32mGiven &amp#27;[0m&amp#27;[32muser sets the base request&amp#27;[0m                           &amp#27;[90m# com.sheik.api.stepdefinitions.UserStep.user_sets_base_request()&amp#27;[0m
Request method:	DELETE
Request URI:	https://fakestoreapi.com/products/1
Proxy:			<none>
Request params:	<none>
Query params:	<none>
Form params:	<none>
Path params:	id=1
Headers:		Accept=application/json
				Content-Type=application/json
Cookies:		<none>
Multiparts:		<none>
Body:			<none>
  &amp#27;[32mWhen &amp#27;[0m&amp#27;[32muser sends DELETE request to delete product with id &amp#27;[0m&amp#27;[32m&amp#27;[1m1&amp#27;[0m &amp#27;[90m# com.sheik.api.stepdefinitions.UserStep.user_deletes_product(java.lang.Integer)&amp#27;[0m
  &amp#27;[32mThen &amp#27;[0m&amp#27;[32muser should get status code &amp#27;[0m&amp#27;[32m&amp#27;[1m200&amp#27;[0m                       &amp#27;[90m# com.sheik.api.stepdefinitions.UserStep.user_validates_status_code(java.lang.Integer)&amp#27;[0m
  &amp#27;[32mAnd &amp#27;[0m&amp#27;[32mproduct should be deleted successfully&amp#27;[0m                 &amp#27;[90m# com.sheik.api.stepdefinitions.UserStep.validate_delete_response()&amp#27;[0m
]]></system-out>
  </testcase>
</testsuite>